<?xml version="1.0" encoding="UTF-8"?>
<testng-results skipped="0" failed="0" total="1" passed="1">
  <reporter-output>
  </reporter-output>
  <suite name="Default suite" duration-ms="14647" started-at="2018-03-31T07:26:06Z" finished-at="2018-03-31T07:26:20Z">
    <groups>
    </groups>
    <test name="Default test" duration-ms="14647" started-at="2018-03-31T07:26:06Z" finished-at="2018-03-31T07:26:20Z">
      <class name="example.NewTest">
        <test-method status="PASS" signature="beforeTest()[pri:0, instance:example.NewTest@c038203]" name="beforeTest" is-config="true" duration-ms="3367" started-at="2018-03-31T12:56:06Z" finished-at="2018-03-31T12:56:09Z">
          <reporter-output>
          </reporter-output>
        </test-method> <!-- beforeTest -->
        <test-method status="PASS" signature="testEasy()[pri:0, instance:example.NewTest@c038203]" name="testEasy" duration-ms="10105" started-at="2018-03-31T12:56:09Z" finished-at="2018-03-31T12:56:19Z">
          <reporter-output>
          </reporter-output>
        </test-method> <!-- testEasy -->
        <test-method status="PASS" signature="afterTest()[pri:0, instance:example.NewTest@c038203]" name="afterTest" is-config="true" duration-ms="1149" started-at="2018-03-31T12:56:19Z" finished-at="2018-03-31T12:56:20Z">
          <reporter-output>
          </reporter-output>
        </test-method> <!-- afterTest -->
      </class> <!-- example.NewTest -->
    </test> <!-- Default test -->
  </suite> <!-- Default suite -->
</testng-results>
